#
# There is insufficient memory for the Java Runtime Environment to continue.
# Native memory allocation (malloc) failed to allocate 160064 bytes for Chunk::new
# Possible reasons:
#   The system is out of physical RAM or swap space
#   In 32 bit mode, the process size limit was hit
# Possible solutions:
#   Reduce memory load on the system
#   Increase physical memory or swap space
#   Check if swap backing store is full
#   Use 64 bit Java on a 64 bit OS
#   Decrease Java heap size (-Xmx/-Xms)
#   Decrease number of Java threads
#   Decrease Java thread stack sizes (-Xss)
#   Set larger code cache with -XX:ReservedCodeCacheSize=
# This output file may be truncated or incomplete.
#
#  Out of Memory Error (allocation.cpp:390), pid=10624, tid=0x0000000000000c10
#
# JRE version: OpenJDK Runtime Environment (8.0_152-b01) (build 1.8.0_152-release-915-b01)
# Java VM: OpenJDK 64-Bit Server VM (25.152-b01 mixed mode windows-amd64 compressed oops)
# Failed to write core dump. Minidumps are not enabled by default on client versions of Windows
#

---------------  T H R E A D  ---------------

Current thread (0x00000000164fa800):  JavaThread "C2 CompilerThread1" daemon [_thread_in_native, id=3088, stack(0x0000000017c50000,0x0000000017d50000)]

Stack: [0x0000000017c50000,0x0000000017d50000]
[error occurred during error reporting (printing stack bounds), id 0xc0000005]

Native frames: (J=compiled Java code, j=interpreted, Vv=VM code, C=native code)


Current CompileTask:
C2:  82271 8931       4       org.gradle.api.internal.artifacts.ivyservice.ivyresolve.parser.PomDomParser::getTextContent (94 bytes)


---------------  P R O C E S S  ---------------

Java Threads: ( => current thread )
  0x000000001ca8f800 JavaThread "Memory manager" [_thread_blocked, id=9504, stack(0x0000000021590000,0x0000000021690000)]
  0x000000001ca8e800 JavaThread "build operations Thread 4" [_thread_blocked, id=10420, stack(0x0000000020e90000,0x0000000020f90000)]
  0x000000001ca90000 JavaThread "build operations Thread 3" [_thread_blocked, id=10972, stack(0x0000000020d90000,0x0000000020e90000)]
  0x000000001ca91000 JavaThread "build operations Thread 2" [_thread_blocked, id=9196, stack(0x0000000020c90000,0x0000000020d90000)]
  0x000000001ca8e000 JavaThread "build operations" [_thread_blocked, id=2980, stack(0x000000001fd60000,0x000000001fe60000)]
  0x000000001ca8b800 JavaThread "Cache worker for Artifact transforms cache (C:\Users\user\.gradle\caches\transforms-1)" [_thread_blocked, id=9916, stack(0x000000001fa60000,0x000000001fb60000)]
  0x000000001931e000 JavaThread "Cache worker for file hash cache (C:\Users\user\AndroidStudioProjects\RomanNumeralsGame\.gradle\4.1\fileHashes)" [_thread_blocked, id=10728, stack(0x000000001c340000,0x000000001c440000)]
  0x00000000181fe000 JavaThread "File lock request listener" [_thread_in_native, id=11804, stack(0x000000001c040000,0x000000001c140000)]
  0x0000000018fee800 JavaThread "Cache worker for file hash cache (C:\Users\user\.gradle\caches\4.1\fileHashes)" [_thread_blocked, id=7200, stack(0x000000001bf40000,0x000000001c040000)]
  0x000000001931f000 JavaThread "Asynchronous log dispatcher for DefaultDaemonConnection: socket connection from /127.0.0.1:51469 to /127.0.0.1:51470" [_thread_blocked, id=1588, stack(0x000000001bd40000,0x000000001be40000)]
  0x00000000195d5800 JavaThread "Daemon worker" [_thread_in_native, id=9972, stack(0x000000001bc40000,0x000000001bd40000)]
  0x00000000195d5000 JavaThread "Cancel handler" [_thread_blocked, id=11940, stack(0x000000001bb40000,0x000000001bc40000)]
  0x0000000019ac2800 JavaThread "Handler for socket connection from /127.0.0.1:51469 to /127.0.0.1:51470" [_thread_in_native, id=2976, stack(0x000000001b840000,0x000000001b940000)]
  0x0000000019ac2000 JavaThread "Daemon" [_thread_blocked, id=1312, stack(0x000000001b740000,0x000000001b840000)]
  0x0000000019113000 JavaThread "Daemon periodic checks" [_thread_blocked, id=496, stack(0x000000001b640000,0x000000001b740000)]
  0x00000000190bc000 JavaThread "Incoming local TCP Connector on port 51469" [_thread_in_native, id=2400, stack(0x0000000019c20000,0x0000000019d20000)]
  0x000000001655e800 JavaThread "Service Thread" daemon [_thread_blocked, id=11360, stack(0x0000000018250000,0x0000000018350000)]
  0x0000000016500000 JavaThread "C1 CompilerThread2" daemon [_thread_blocked, id=11504, stack(0x0000000017d50000,0x0000000017e50000)]
=>0x00000000164fa800 JavaThread "C2 CompilerThread1" daemon [_thread_in_native, id=3088, stack(0x0000000017c50000,0x0000000017d50000)]
  0x0000000016508000 JavaThread "C2 CompilerThread0" daemon [_thread_in_native, id=4276, stack(0x0000000017b50000,0x0000000017c50000)]
  0x0000000016506800 JavaThread "Attach Listener" daemon [_thread_blocked, id=2896, stack(0x0000000017a50000,0x0000000017b50000)]
  0x0000000016505800 JavaThread "Signal Dispatcher" daemon [_thread_blocked, id=5700, stack(0x0000000017950000,0x0000000017a50000)]
  0x0000000002b8c800 JavaThread "Finalizer" daemon [_thread_blocked, id=8012, stack(0x0000000017760000,0x0000000017860000)]
  0x0000000002b81800 JavaThread "Reference Handler" daemon [_thread_blocked, id=6108, stack(0x0000000017660000,0x0000000017760000)]
  0x0000000002a8e000 JavaThread "main" [_thread_blocked, id=7356, stack(0x0000000002950000,0x0000000002a50000)]

Other Threads:
  0x00000000164c5000 VMThread [stack: 0x0000000017560000,0x0000000017660000] [id=4960]
  0x0000000017e6f000 WatcherThread [stack: 0x0000000018350000,0x0000000018450000] [id=10716]

VM state:not at safepoint (normal execution)

VM Mutex/Monitor currently owned by a thread: None

Heap:
 PSYoungGen      total 143872K, used 69450K [0x00000000e0000000, 0x00000000ebb00000, 0x0000000100000000)
  eden space 129024K, 42% used [0x00000000e0000000,0x00000000e3552898,0x00000000e7e00000)
  from space 14848K, 100% used [0x00000000e7e00000,0x00000000e8c80000,0x00000000e8c80000)
  to   space 17408K, 0% used [0x00000000eaa00000,0x00000000eaa00000,0x00000000ebb00000)
 ParOldGen       total 73216K, used 33319K [0x00000000a0000000, 0x00000000a4780000, 0x00000000e0000000)
  object space 73216K, 45% used [0x00000000a0000000,0x00000000a2089ec0,0x00000000a4780000)
 Metaspace       used 59644K, capacity 61839K, committed 61912K, reserved 1101824K
  class space    used 8029K, capacity 8648K, committed 8704K, reserved 1048576K

Card table byte_map: [0x0000000011f50000,0x0000000012260000] byte_map_base: 0x0000000011a50000

Marking Bits: (ParMarkBitMap*) 0x000000005bbb3950
 Begin Bits: [0x0000000012860000, 0x0000000014060000)
 End Bits:   [0x0000000014060000, 0x0000000015860000)

Polling page: 0x0000000001120000

CodeCache: size=245760Kb used=26336Kb max_used=26628Kb free=219423Kb
 bounds [0x0000000002b90000, 0x00000000045d0000, 0x0000000011b90000]
 total_blobs=8300 nmethods=7515 adapters=697
 compilation: enabled

Compilation events (10 events):
Event: 82.216 Thread 0x0000000016500000 8949       1       org.gradle.api.internal.artifacts.ivyservice.projectmodule.ProjectDependencyResolver::isFetchingMetadataCheap (2 bytes)
Event: 82.216 Thread 0x0000000016500000 nmethod 8949 0x00000000040a9b50 code [0x00000000040a9ca0, 0x00000000040a9db0]
Event: 82.216 Thread 0x0000000016500000 8952       1       org.gradle.internal.component.external.model.MavenDependencyMetadata::isChanging (2 bytes)
Event: 82.216 Thread 0x0000000016500000 nmethod 8952 0x00000000040a9890 code [0x00000000040a99e0, 0x00000000040a9af0]
Event: 82.216 Thread 0x0000000016500000 8953       3       org.gradle.api.internal.artifacts.ivyservice.ivyresolve.strategy.VersionRangeSelector::<init> (283 bytes)
Event: 82.218 Thread 0x0000000016500000 nmethod 8953 0x000000000421be50 code [0x000000000421c1e0, 0x000000000421e328]
Event: 82.218 Thread 0x0000000016500000 8954       3       org.gradle.api.internal.artifacts.ivyservice.ivyresolve.strategy.AbstractVersionVersionSelector::<init> (6 bytes)
Event: 82.219 Thread 0x0000000016500000 nmethod 8954 0x000000000317f550 code [0x000000000317f6c0, 0x000000000317f8f0]
Event: 82.219 Thread 0x0000000016500000 8955       3       org.gradle.api.internal.artifacts.ivyservice.ivyresolve.MetadataProvider::isUsable (28 bytes)
Event: 82.219 Thread 0x0000000016500000 nmethod 8955 0x000000000317f0d0 code [0x000000000317f240, 0x000000000317f490]

GC Heap History (10 events):
Event: 58.943 GC heap before
{Heap before GC invocations=24 (full 2):
 PSYoungGen      total 104448K, used 104444K [0x00000000e0000000, 0x00000000e8580000, 0x0000000100000000)
  eden space 96256K, 100% used [0x00000000e0000000,0x00000000e5e00000,0x00000000e5e00000)
  from space 8192K, 99% used [0x00000000e5e00000,0x00000000e65ff2e0,0x00000000e6600000)
  to   space 11776K, 0% used [0x00000000e7a00000,0x00000000e7a00000,0x00000000e8580000)
 ParOldGen       total 47104K, used 22385K [0x00000000a0000000, 0x00000000a2e00000, 0x00000000e0000000)
  object space 47104K, 47% used [0x00000000a0000000,0x00000000a15dc7e8,0x00000000a2e00000)
 Metaspace       used 51111K, capacity 52300K, committed 52440K, reserved 1095680K
  class space    used 6700K, capacity 7075K, committed 7168K, reserved 1048576K
Event: 58.966 GC heap after
Heap after GC invocations=24 (full 2):
 PSYoungGen      total 121856K, used 11745K [0x00000000e0000000, 0x00000000e8a80000, 0x0000000100000000)
  eden space 110080K, 0% used [0x00000000e0000000,0x00000000e0000000,0x00000000e6b80000)
  from space 11776K, 99% used [0x00000000e7a00000,0x00000000e8578710,0x00000000e8580000)
  to   space 14848K, 0% used [0x00000000e6b80000,0x00000000e6b80000,0x00000000e7a00000)
 ParOldGen       total 47104K, used 25154K [0x00000000a0000000, 0x00000000a2e00000, 0x00000000e0000000)
  object space 47104K, 53% used [0x00000000a0000000,0x00000000a1890bd8,0x00000000a2e00000)
 Metaspace       used 51111K, capacity 52300K, committed 52440K, reserved 1095680K
  class space    used 6700K, capacity 7075K, committed 7168K, reserved 1048576K
}
Event: 63.826 GC heap before
{Heap before GC invocations=25 (full 2):
 PSYoungGen      total 121856K, used 121825K [0x00000000e0000000, 0x00000000e8a80000, 0x0000000100000000)
  eden space 110080K, 100% used [0x00000000e0000000,0x00000000e6b80000,0x00000000e6b80000)
  from space 11776K, 99% used [0x00000000e7a00000,0x00000000e8578710,0x00000000e8580000)
  to   space 14848K, 0% used [0x00000000e6b80000,0x00000000e6b80000,0x00000000e7a00000)
 ParOldGen       total 47104K, used 25154K [0x00000000a0000000, 0x00000000a2e00000, 0x00000000e0000000)
  object space 47104K, 53% used [0x00000000a0000000,0x00000000a1890bd8,0x00000000a2e00000)
 Metaspace       used 56737K, capacity 58652K, committed 58840K, reserved 1099776K
  class space    used 7568K, capacity 8082K, committed 8192K, reserved 1048576K
Event: 63.867 GC heap after
Heap after GC invocations=25 (full 2):
 PSYoungGen      total 124928K, used 10397K [0x00000000e0000000, 0x00000000e9b80000, 0x0000000100000000)
  eden space 110080K, 0% used [0x00000000e0000000,0x00000000e0000000,0x00000000e6b80000)
  from space 14848K, 70% used [0x00000000e6b80000,0x00000000e75a77c8,0x00000000e7a00000)
  to   space 15360K, 0% used [0x00000000e8c80000,0x00000000e8c80000,0x00000000e9b80000)
 ParOldGen       total 47104K, used 33843K [0x00000000a0000000, 0x00000000a2e00000, 0x00000000e0000000)
  object space 47104K, 71% used [0x00000000a0000000,0x00000000a210cf20,0x00000000a2e00000)
 Metaspace       used 56737K, capacity 58652K, committed 58840K, reserved 1099776K
  class space    used 7568K, capacity 8082K, committed 8192K, reserved 1048576K
}
Event: 64.059 GC heap before
{Heap before GC invocations=26 (full 2):
 PSYoungGen      total 124928K, used 20182K [0x00000000e0000000, 0x00000000e9b80000, 0x0000000100000000)
  eden space 110080K, 8% used [0x00000000e0000000,0x00000000e098e130,0x00000000e6b80000)
  from space 14848K, 70% used [0x00000000e6b80000,0x00000000e75a77c8,0x00000000e7a00000)
  to   space 15360K, 0% used [0x00000000e8c80000,0x00000000e8c80000,0x00000000e9b80000)
 ParOldGen       total 47104K, used 33843K [0x00000000a0000000, 0x00000000a2e00000, 0x00000000e0000000)
  object space 47104K, 71% used [0x00000000a0000000,0x00000000a210cf20,0x00000000a2e00000)
 Metaspace       used 57044K, capacity 58953K, committed 59028K, reserved 1099776K
  class space    used 7620K, capacity 8117K, committed 8192K, reserved 1048576K
Event: 64.082 GC heap after
Heap after GC invocations=26 (full 2):
 PSYoungGen      total 144384K, used 6080K [0x00000000e0000000, 0x00000000eaa00000, 0x0000000100000000)
  eden space 129024K, 0% used [0x00000000e0000000,0x00000000e0000000,0x00000000e7e00000)
  from space 15360K, 39% used [0x00000000e8c80000,0x00000000e9270000,0x00000000e9b80000)
  to   space 14848K, 0% used [0x00000000e7e00000,0x00000000e7e00000,0x00000000e8c80000)
 ParOldGen       total 47104K, used 33851K [0x00000000a0000000, 0x00000000a2e00000, 0x00000000e0000000)
  object space 47104K, 71% used [0x00000000a0000000,0x00000000a210ef20,0x00000000a2e00000)
 Metaspace       used 57044K, capacity 58953K, committed 59028K, reserved 1099776K
  class space    used 7620K, capacity 8117K, committed 8192K, reserved 1048576K
}
Event: 64.082 GC heap before
{Heap before GC invocations=27 (full 3):
 PSYoungGen      total 144384K, used 6080K [0x00000000e0000000, 0x00000000eaa00000, 0x0000000100000000)
  eden space 129024K, 0% used [0x00000000e0000000,0x00000000e0000000,0x00000000e7e00000)
  from space 15360K, 39% used [0x00000000e8c80000,0x00000000e9270000,0x00000000e9b80000)
  to   space 14848K, 0% used [0x00000000e7e00000,0x00000000e7e00000,0x00000000e8c80000)
 ParOldGen       total 47104K, used 33851K [0x00000000a0000000, 0x00000000a2e00000, 0x00000000e0000000)
  object space 47104K, 71% used [0x00000000a0000000,0x00000000a210ef20,0x00000000a2e00000)
 Metaspace       used 57044K, capacity 58953K, committed 59028K, reserved 1099776K
  class space    used 7620K, capacity 8117K, committed 8192K, reserved 1048576K
Event: 64.624 GC heap after
Heap after GC invocations=27 (full 3):
 PSYoungGen      total 144384K, used 0K [0x00000000e0000000, 0x00000000eaa00000, 0x0000000100000000)
  eden space 129024K, 0% used [0x00000000e0000000,0x00000000e0000000,0x00000000e7e00000)
  from space 15360K, 0% used [0x00000000e8c80000,0x00000000e8c80000,0x00000000e9b80000)
  to   space 14848K, 0% used [0x00000000e7e00000,0x00000000e7e00000,0x00000000e8c80000)
 ParOldGen       total 73216K, used 32396K [0x00000000a0000000, 0x00000000a4780000, 0x00000000e0000000)
  object space 73216K, 44% used [0x00000000a0000000,0x00000000a1fa3370,0x00000000a4780000)
 Metaspace       used 57002K, capacity 58847K, committed 59028K, reserved 1099776K
  class space    used 7607K, capacity 8103K, committed 8192K, reserved 1048576K
}
Event: 68.812 GC heap before
{Heap before GC invocations=28 (full 3):
 PSYoungGen      total 144384K, used 129024K [0x00000000e0000000, 0x00000000eaa00000, 0x0000000100000000)
  eden space 129024K, 100% used [0x00000000e0000000,0x00000000e7e00000,0x00000000e7e00000)
  from space 15360K, 0% used [0x00000000e8c80000,0x00000000e8c80000,0x00000000e9b80000)
  to   space 14848K, 0% used [0x00000000e7e00000,0x00000000e7e00000,0x00000000e8c80000)
 ParOldGen       total 73216K, used 32396K [0x00000000a0000000, 0x00000000a4780000, 0x00000000e0000000)
  object space 73216K, 44% used [0x00000000a0000000,0x00000000a1fa3370,0x00000000a4780000)
 Metaspace       used 58869K, capacity 61011K, committed 61272K, reserved 1101824K
  class space    used 7961K, capacity 8546K, committed 8576K, reserved 1048576K
Event: 68.837 GC heap after
Heap after GC invocations=28 (full 3):
 PSYoungGen      total 143872K, used 14848K [0x00000000e0000000, 0x00000000ebb00000, 0x0000000100000000)
  eden space 129024K, 0% used [0x00000000e0000000,0x00000000e0000000,0x00000000e7e00000)
  from space 14848K, 100% used [0x00000000e7e00000,0x00000000e8c80000,0x00000000e8c80000)
  to   space 17408K, 0% used [0x00000000eaa00000,0x00000000eaa00000,0x00000000ebb00000)
 ParOldGen       total 73216K, used 33319K [0x00000000a0000000, 0x00000000a4780000, 0x00000000e0000000)
  object space 73216K, 45% used [0x00000000a0000000,0x00000000a2089ec0,0x00000000a4780000)
 Metaspace       used 58869K, capacity 61011K, committed 61272K, reserved 1101824K
  class space    used 7961K, capacity 8546K, committed 8576K, reserved 1048576K
}

Deoptimization events (10 events):
Event: 77.816 Thread 0x000000001ca90000 Uncommon trap: reason=unstable_if action=reinterpret pc=0x000000000320ced0 method=java.util.concurrent.ConcurrentLinkedQueue.poll()Ljava/lang/Object; @ 25
Event: 78.027 Thread 0x000000001ca90000 Uncommon trap: reason=unstable_if action=reinterpret pc=0x000000000342dee0 method=java.io.PushbackInputStream.read([BII)I @ 122
Event: 79.475 Thread 0x000000001ca8e800 Uncommon trap: reason=unstable_if action=reinterpret pc=0x0000000002e99070 method=sun.nio.fs.NativeBuffers.releaseNativeBuffer(Lsun/nio/fs/NativeBuffer;)V @ 35
Event: 80.014 Thread 0x00000000195d5800 Uncommon trap: reason=class_check action=maybe_recompile pc=0x0000000002d2be64 method=com.google.common.collect.Iterators$5.hasNext()Z @ 7
Event: 80.014 Thread 0x00000000195d5800 Uncommon trap: reason=class_check action=maybe_recompile pc=0x0000000002d2be64 method=com.google.common.collect.Iterators$5.hasNext()Z @ 7
Event: 80.014 Thread 0x00000000195d5800 Uncommon trap: reason=class_check action=maybe_recompile pc=0x0000000002d2be64 method=com.google.common.collect.Iterators$5.hasNext()Z @ 7
Event: 80.014 Thread 0x00000000195d5800 Uncommon trap: reason=class_check action=maybe_recompile pc=0x0000000002d2be64 method=com.google.common.collect.Iterators$5.hasNext()Z @ 7
Event: 80.530 Thread 0x000000001ca8b800 Uncommon trap: reason=unstable_if action=reinterpret pc=0x000000000347cda4 method=java.math.BigInteger.makePositive([B)[I @ 14
Event: 81.721 Thread 0x00000000195d5800 Uncommon trap: reason=bimorphic action=maybe_recompile pc=0x0000000002dfb650 method=com.google.common.collect.Iterators$5.hasNext()Z @ 24
Event: 81.722 Thread 0x00000000195d5800 Uncommon trap: reason=bimorphic action=maybe_recompile pc=0x0000000002dfb650 method=com.google.common.collect.Iterators$5.hasNext()Z @ 24

Classes redefined (0 events):
No events

Internal exceptions (10 events):
Event: 66.493 Thread 0x00000000195d5800 Exception <a 'java/lang/ClassNotFoundException': com/google/common/collect/AbstractMapBasedMultimap$WrappedListCustomizer> (0x00000000e6b7e110) thrown at [D:\src\AOSP-openjdk-cygwin\jdk8u\hotspot\src\share\vm\classfile\systemDictionary.cpp, line 210]
Event: 66.494 Thread 0x00000000195d5800 Exception <a 'java/lang/ClassNotFoundException': com/google/common/collect/AbstractMapBasedMultimap$RandomAccessWrappedListCustomizer> (0x00000000e6ba12d0) thrown at [D:\src\AOSP-openjdk-cygwin\jdk8u\hotspot\src\share\vm\classfile\systemDictionary.cpp, li
Event: 66.508 Thread 0x00000000195d5800 Exception <a 'java/lang/ClassNotFoundException': org/jetbrains/plugins/gradle/model/DefaultExternalLibraryDependencyBeanInfo> (0x00000000e6c15bb0) thrown at [D:\src\AOSP-openjdk-cygwin\jdk8u\hotspot\src\share\vm\classfile\systemDictionary.cpp, line 210]
Event: 66.508 Thread 0x00000000195d5800 Exception <a 'java/lang/ClassNotFoundException': org/jetbrains/plugins/gradle/model/AbstractExternalDependencyBeanInfo> (0x00000000e6c25e70) thrown at [D:\src\AOSP-openjdk-cygwin\jdk8u\hotspot\src\share\vm\classfile\systemDictionary.cpp, line 210]
Event: 66.509 Thread 0x00000000195d5800 Exception <a 'java/lang/ClassNotFoundException': org/jetbrains/plugins/gradle/model/AbstractExternalDependencyCustomizer> (0x00000000e6c36338) thrown at [D:\src\AOSP-openjdk-cygwin\jdk8u\hotspot\src\share\vm\classfile\systemDictionary.cpp, line 210]
Event: 66.510 Thread 0x00000000195d5800 Exception <a 'java/lang/ClassNotFoundException': org/jetbrains/plugins/gradle/model/DefaultExternalLibraryDependencyCustomizer> (0x00000000e6c63b00) thrown at [D:\src\AOSP-openjdk-cygwin\jdk8u\hotspot\src\share\vm\classfile\systemDictionary.cpp, line 210]
Event: 66.618 Thread 0x00000000195d5800 Exception <a 'java/lang/ClassNotFoundException': org/gradle/api/internal/artifacts/result/DefaultResolvedArtifactResultBeanInfo> (0x00000000e6e9bff8) thrown at [D:\src\AOSP-openjdk-cygwin\jdk8u\hotspot\src\share\vm\classfile\systemDictionary.cpp, line 210
Event: 66.619 Thread 0x00000000195d5800 Exception <a 'java/lang/ClassNotFoundException': org/gradle/api/internal/artifacts/result/DefaultResolvedArtifactResultCustomizer> (0x00000000e6ec6ae0) thrown at [D:\src\AOSP-openjdk-cygwin\jdk8u\hotspot\src\share\vm\classfile\systemDictionary.cpp, line 2
Event: 67.849 Thread 0x00000000195d5800 Implicit null exception at 0x000000000441cfba to 0x000000000441e27d
Event: 69.440 Thread 0x000000001ca8e000 Implicit null exception at 0x000000000347671e to 0x00000000034769c5

Events (10 events):
Event: 81.749 loading class com/android/build/gradle/internal/ide/ModelBuilder
Event: 81.749 loading class com/android/build/gradle/internal/ide/ModelBuilder done
Event: 81.805 loading class org/gradle/api/artifacts/result/ResolvedArtifactResult
Event: 81.806 loading class org/gradle/api/artifacts/result/ResolvedArtifactResult done
Event: 81.883 Thread 0x00000000195d5800 DEOPT PACKING pc=0x000000000446e5c0 sp=0x000000001bd3aae0
Event: 81.883 Thread 0x00000000195d5800 DEOPT UNPACKING pc=0x0000000002bd75bf sp=0x000000001bd3a9d8 mode 0
Event: 82.165 Thread 0x00000000195d5800 DEOPT PACKING pc=0x00000000043f72dd sp=0x000000001bd397f0
Event: 82.165 Thread 0x00000000195d5800 DEOPT UNPACKING pc=0x0000000002bd75bf sp=0x000000001bd39738 mode 0
Event: 82.183 Thread 0x00000000195d5800 DEOPT PACKING pc=0x000000000446e5c0 sp=0x000000001bd3a460
Event: 82.183 Thread 0x00000000195d5800 DEOPT UNPACKING pc=0x0000000002bd75bf sp=0x000000001bd3a358 mode 0


Dynamic libraries:
0x00007ff7b9900000 - 0x00007ff7b9931000 	C:\Program Files\Android\Android Studio\jre\bin\java.exe
0x00007fff7f810000 - 0x00007fff7f9eb000 	C:\WINDOWS\SYSTEM32\ntdll.dll
0x00007fff7f640000 - 0x00007fff7f6ee000 	C:\WINDOWS\System32\KERNEL32.DLL
0x00007fff7c8b0000 - 0x00007fff7caf9000 	C:\WINDOWS\System32\KERNELBASE.dll
0x00007fff7f760000 - 0x00007fff7f801000 	C:\WINDOWS\System32\ADVAPI32.dll
0x00007fff7d090000 - 0x00007fff7d12d000 	C:\WINDOWS\System32\msvcrt.dll
0x00007fff7f700000 - 0x00007fff7f759000 	C:\WINDOWS\System32\sechost.dll
0x00007fff7d2f0000 - 0x00007fff7d415000 	C:\WINDOWS\System32\RPCRT4.dll
0x00007fff7d420000 - 0x00007fff7d56a000 	C:\WINDOWS\System32\USER32.dll
0x00007fff7cd30000 - 0x00007fff7cd4e000 	C:\WINDOWS\System32\win32u.dll
0x00007fff7f5f0000 - 0x00007fff7f617000 	C:\WINDOWS\System32\GDI32.dll
0x00007fff7cb00000 - 0x00007fff7cc87000 	C:\WINDOWS\System32\gdi32full.dll
0x00007fff7cc90000 - 0x00007fff7cd2a000 	C:\WINDOWS\System32\msvcp_win.dll
0x00007fff7c5e0000 - 0x00007fff7c6d6000 	C:\WINDOWS\System32\ucrtbase.dll
0x00007fff5b450000 - 0x00007fff5b6b7000 	C:\WINDOWS\WinSxS\amd64_microsoft.windows.common-controls_6595b64144ccf1df_6.0.15063.483_none_26002d27e7c744a2\COMCTL32.dll
0x00007fff7d710000 - 0x00007fff7da09000 	C:\WINDOWS\System32\combase.dll
0x00007fff7bd60000 - 0x00007fff7bdca000 	C:\WINDOWS\System32\bcryptPrimitives.dll
0x00007fff7d060000 - 0x00007fff7d08d000 	C:\WINDOWS\System32\IMM32.DLL
0x000000005bc90000 - 0x000000005bd62000 	C:\Program Files\Android\Android Studio\jre\jre\bin\msvcr100.dll
0x000000005b3f0000 - 0x000000005bc2e000 	C:\Program Files\Android\Android Studio\jre\jre\bin\server\jvm.dll
0x00007fff7dbe0000 - 0x00007fff7dbe8000 	C:\WINDOWS\System32\PSAPI.DLL
0x00007fff6c9e0000 - 0x00007fff6c9e9000 	C:\WINDOWS\SYSTEM32\WSOCK32.dll
0x00007fff7a320000 - 0x00007fff7a343000 	C:\WINDOWS\SYSTEM32\WINMM.dll
0x00007fff6e210000 - 0x00007fff6e21a000 	C:\WINDOWS\SYSTEM32\VERSION.dll
0x00007fff7d130000 - 0x00007fff7d19c000 	C:\WINDOWS\System32\WS2_32.dll
0x00007fff7a2f0000 - 0x00007fff7a31b000 	C:\WINDOWS\SYSTEM32\winmmbase.dll
0x00007fff7bd10000 - 0x00007fff7bd59000 	C:\WINDOWS\System32\cfgmgr32.dll
0x00007fff78db0000 - 0x00007fff78dbf000 	C:\Program Files\Android\Android Studio\jre\jre\bin\verify.dll
0x00007fff78d10000 - 0x00007fff78d39000 	C:\Program Files\Android\Android Studio\jre\jre\bin\java.dll
0x00007fff77bc0000 - 0x00007fff77bd6000 	C:\Program Files\Android\Android Studio\jre\jre\bin\zip.dll
0x00007fff7e1b0000 - 0x00007fff7f5e7000 	C:\WINDOWS\System32\SHELL32.dll
0x00007fff7e050000 - 0x00007fff7e0fa000 	C:\WINDOWS\System32\shcore.dll
0x00007fff7bee0000 - 0x00007fff7c5d1000 	C:\WINDOWS\System32\windows.storage.dll
0x00007fff7db20000 - 0x00007fff7db71000 	C:\WINDOWS\System32\shlwapi.dll
0x00007fff7bc80000 - 0x00007fff7bc91000 	C:\WINDOWS\System32\kernel.appcore.dll
0x00007fff7bcc0000 - 0x00007fff7bd0c000 	C:\WINDOWS\System32\powrprof.dll
0x00007fff7bc60000 - 0x00007fff7bc75000 	C:\WINDOWS\System32\profapi.dll
0x00007fff75660000 - 0x00007fff7567a000 	C:\Program Files\Android\Android Studio\jre\jre\bin\net.dll
0x00007fff7b570000 - 0x00007fff7b5cc000 	C:\WINDOWS\system32\mswsock.dll
0x00007fff75640000 - 0x00007fff75651000 	C:\Program Files\Android\Android Studio\jre\jre\bin\nio.dll
0x00007fff77be0000 - 0x00007fff77bfe000 	C:\Users\user\.gradle\native\25\windows-amd64\native-platform.dll
0x00007fff77a30000 - 0x00007fff77a3d000 	C:\Program Files\Android\Android Studio\jre\jre\bin\management.dll
0x00007fff7b720000 - 0x00007fff7b737000 	C:\WINDOWS\SYSTEM32\CRYPTSP.dll
0x00007fff7b130000 - 0x00007fff7b164000 	C:\WINDOWS\system32\rsaenh.dll
0x00007fff7b820000 - 0x00007fff7b845000 	C:\WINDOWS\SYSTEM32\bcrypt.dll
0x00007fff7bb90000 - 0x00007fff7bbb9000 	C:\WINDOWS\SYSTEM32\USERENV.dll
0x00007fff7b710000 - 0x00007fff7b71b000 	C:\WINDOWS\SYSTEM32\CRYPTBASE.dll
0x00007fff7b2b0000 - 0x00007fff7b2e7000 	C:\WINDOWS\SYSTEM32\IPHLPAPI.DLL
0x00007fff7f6f0000 - 0x00007fff7f6f8000 	C:\WINDOWS\System32\NSI.dll
0x00007fff74710000 - 0x00007fff74726000 	C:\WINDOWS\SYSTEM32\dhcpcsvc6.DLL
0x00007fff746e0000 - 0x00007fff746fa000 	C:\WINDOWS\SYSTEM32\dhcpcsvc.DLL

VM Arguments:
jvm_args: -Xmx1536m -Dfile.encoding=windows-1252 -Duser.country=US -Duser.language=en -Duser.variant 
java_command: org.gradle.launcher.daemon.bootstrap.GradleDaemon 4.1
java_class_path (initial): C:\Users\user\.gradle\wrapper\dists\gradle-4.1-all\bzyivzo6n839fup2jbap0tjew\gradle-4.1\lib\gradle-launcher-4.1.jar
Launcher Type: SUN_STANDARD

Environment Variables:
PATH=C:\ProgramData\Oracle\Java\javapath;C:\Program Files\Common Files\Microsoft Shared\Windows Live;C:\Program Files (x86)\Common Files\Microsoft Shared\Windows Live;C:\Program Files (x86)\Intel\iCLS Client\;C:\Program Files\Intel\iCLS Client\;C:\Windows\system32;C:\Windows;C:\Windows\System32\Wbem;C:\Windows\System32\WindowsPowerShell\v1.0\;C:\Program Files (x86)\ATI Technologies\ATI.ACE\Core-Static;C:\Program Files\Intel\Intel(R) Management Engine Components\DAL;C:\Program Files\Intel\Intel(R) Management Engine Components\IPT;C:\Program Files (x86)\Intel\Intel(R) Management Engine Components\DAL;C:\Program Files (x86)\Intel\Intel(R) Management Engine Components\IPT;C:\Program Files (x86)\Windows Live\Shared;C:\WINDOWS\system32;C:\WINDOWS;C:\WINDOWS\System32\Wbem;C:\WINDOWS\System32\WindowsPowerShell\v1.0\;D:\MATLAB\runtime\win64;D:\MATLAB\bin;D:\MATLAB\polyspace\bin;C:\Program Files (x86)\Skype\Phone\;C:\Program Files\Microsoft SQL Server\Client SDK\ODBC\130\Tools\Binn\;C:\Program Files (x86)\Microsoft SQL Server\140\Tools\Binn\;C:\Program Files\Microsoft SQL Server\140\Tools\Binn\;C:\Program Files\Microsoft SQL Server\140\DTS\Binn\;C:\Program Files (x86)\Microsoft SQL Server\Client SDK\ODBC\130\Tools\Binn\;C:\Program Files (x86)\Microsoft SQL Server\140\DTS\Binn\;C:\Program Files (x86)\Microsoft SQL Server\140\Tools\Binn\ManagementStudio\;C:\Program Files\nodejs\;C:\Program Files\Java\jdk1.8.0_102\bin;C:\Users\user\AppData\Local\Microsoft\WindowsApps;C:\Users\user\AppData\Roaming\npm
USERNAME=user
OS=Windows_NT
PROCESSOR_IDENTIFIER=Intel64 Family 6 Model 69 Stepping 1, GenuineIntel



---------------  S Y S T E M  ---------------

OS: Windows 10.0 , 64 bit Build 15063 (10.0.15063.296)

CPU:total 4 (initial active 4) (2 cores per cpu, 2 threads per core) family 6 model 69 stepping 1, cmov, cx8, fxsr, mmx, sse, sse2, sse3, ssse3, sse4.1, sse4.2, popcnt, avx, avx2, aes, clmul, erms, lzcnt, ht, tsc, tscinvbit, bmi1, bmi2

Memory: 4k page, physical 4117744k(298224k free), swap 7189744k(3316k free)

vm_info: OpenJDK 64-Bit Server VM (25.152-b01) for windows-amd64 JRE (1.8.0_152-release-915-b01), built by "builder" with MS VC++ 10.0 (VS2010)

time: Tue Dec 12 03:14:09 2017
elapsed time: 82 seconds (0d 0h 1m 22s)

